<?xml version="1.0" encoding="UTF-8"?>
<testng-results ignored="0" total="2" passed="2" failed="0" skipped="0">
  <reporter-output>
  </reporter-output>
  <suite started-at="2023-07-20T14:59:42 CDT" name="Default suite" finished-at="2023-07-20T14:59:57 CDT" duration-ms="15363">
    <groups>
    </groups>
    <test started-at="2023-07-20T14:59:42 CDT" name="Default test" finished-at="2023-07-20T14:59:57 CDT" duration-ms="15363">
      <class name="homework3.LoginTest">
        <test-method is-config="true" signature="readconfig()[pri:0, instance:homework3.LoginTest@3e27aa33]" started-at="2023-07-20T14:59:42 CDT" name="readconfig" finished-at="2023-07-20T14:59:42 CDT" duration-ms="31" status="PASS">
          <reporter-output>
          </reporter-output>
        </test-method> <!-- readconfig -->
        <test-method is-config="true" signature="init()[pri:0, instance:homework3.LoginTest@3e27aa33]" started-at="2023-07-20T14:59:42 CDT" name="init" finished-at="2023-07-20T14:59:46 CDT" duration-ms="4248" status="PASS">
          <reporter-output>
          </reporter-output>
        </test-method> <!-- init -->
        <test-method signature="login()[pri:1, instance:homework3.LoginTest@3e27aa33]" started-at="2023-07-20T14:59:46 CDT" name="login" finished-at="2023-07-20T14:59:48 CDT" duration-ms="1479" status="PASS">
          <reporter-output>
          </reporter-output>
        </test-method> <!-- login -->
        <test-method is-config="true" signature="tearDown()[pri:0, instance:homework3.LoginTest@3e27aa33]" started-at="2023-07-20T14:59:48 CDT" name="tearDown" finished-at="2023-07-20T14:59:48 CDT" duration-ms="330" status="PASS">
          <reporter-output>
          </reporter-output>
        </test-method> <!-- tearDown -->
        <test-method is-config="true" signature="init()[pri:0, instance:homework3.LoginTest@3e27aa33]" started-at="2023-07-20T14:59:48 CDT" name="init" finished-at="2023-07-20T14:59:50 CDT" duration-ms="1893" status="PASS">
          <reporter-output>
          </reporter-output>
        </test-method> <!-- init -->
        <test-method signature="addcustmer()[pri:2, instance:homework3.LoginTest@3e27aa33]" started-at="2023-07-20T14:59:50 CDT" name="addcustmer" finished-at="2023-07-20T14:59:57 CDT" duration-ms="7003" status="PASS">
          <reporter-output>
          </reporter-output>
        </test-method> <!-- addcustmer -->
        <test-method is-config="true" signature="tearDown()[pri:0, instance:homework3.LoginTest@3e27aa33]" started-at="2023-07-20T14:59:57 CDT" name="tearDown" finished-at="2023-07-20T14:59:57 CDT" duration-ms="317" status="PASS">
          <reporter-output>
          </reporter-output>
        </test-method> <!-- tearDown -->
      </class> <!-- homework3.LoginTest -->
    </test> <!-- Default test -->
  </suite> <!-- Default suite -->
</testng-results>
